{"D:\\SLIIT\\Y3 S2\\My\\CSSE\\Assignment 02\\EcoGuard\\mobileApp\\Ranger\\src\\constants\\file:\\D:\\SLIIT\\Y3%20S2\\My\\CSSE\\Assignment%2002\\EcoGuard\\mobileApp\\Ranger\\src\\constants\\incidentTypes.ts": {"path":"D:\\SLIIT\\Y3 S2\\My\\CSSE\\Assignment 02\\EcoGuard\\mobileApp\\Ranger\\src\\constants\\file:\\D:\\SLIIT\\Y3%20S2\\My\\CSSE\\Assignment%2002\\EcoGuard\\mobileApp\\Ranger\\src\\constants\\incidentTypes.ts","statementMap":{"0":{"start":{"line":1,"column":13},"end":{"line":9,"column":11}},"1":{"start":{"line":21,"column":13},"end":{"line":71,"column":2}}},"fnMap":{},"branchMap":{},"s":{"0":1,"1":1},"f":{},"b":{}}
,"D:\\SLIIT\\Y3 S2\\My\\CSSE\\Assignment 02\\EcoGuard\\mobileApp\\Ranger\\src\\constants\\file:\\D:\\SLIIT\\Y3%20S2\\My\\CSSE\\Assignment%2002\\EcoGuard\\mobileApp\\Ranger\\src\\constants\\syncStatus.ts": {"path":"D:\\SLIIT\\Y3 S2\\My\\CSSE\\Assignment 02\\EcoGuard\\mobileApp\\Ranger\\src\\constants\\file:\\D:\\SLIIT\\Y3%20S2\\My\\CSSE\\Assignment%2002\\EcoGuard\\mobileApp\\Ranger\\src\\constants\\syncStatus.ts","statementMap":{"0":{"start":{"line":1,"column":13},"end":{"line":6,"column":11}},"1":{"start":{"line":18,"column":13},"end":{"line":47,"column":2}}},"fnMap":{},"branchMap":{},"s":{"0":1,"1":1},"f":{},"b":{}}
,"D:\\SLIIT\\Y3 S2\\My\\CSSE\\Assignment 02\\EcoGuard\\mobileApp\\Ranger\\src\\services\\file:\\D:\\SLIIT\\Y3%20S2\\My\\CSSE\\Assignment%2002\\EcoGuard\\mobileApp\\Ranger\\src\\services\\incidentApi.ts": {"path":"D:\\SLIIT\\Y3 S2\\My\\CSSE\\Assignment 02\\EcoGuard\\mobileApp\\Ranger\\src\\services\\file:\\D:\\SLIIT\\Y3%20S2\\My\\CSSE\\Assignment%2002\\EcoGuard\\mobileApp\\Ranger\\src\\services\\incidentApi.ts","statementMap":{"0":{"start":{"line":1,"column":0},"end":{"line":1,"column":45}},"1":{"start":{"line":5,"column":25},"end":{"line":5,"column":48}},"2":{"start":{"line":9,"column":37},"end":{"line":9,"column":41}},"3":{"start":{"line":12,"column":4},"end":{"line":18,"column":7}},"4":{"start":{"line":20,"column":4},"end":{"line":25,"column":7}},"5":{"start":{"line":21,"column":6},"end":{"line":23,"column":7}},"6":{"start":{"line":22,"column":8},"end":{"line":22,"column":66}},"7":{"start":{"line":24,"column":6},"end":{"line":24,"column":20}},"8":{"start":{"line":29,"column":4},"end":{"line":29,"column":27}},"9":{"start":{"line":33,"column":4},"end":{"line":33,"column":39}},"10":{"start":{"line":40,"column":4},"end":{"line":68,"column":5}},"11":{"start":{"line":41,"column":23},"end":{"line":44,"column":8}},"12":{"start":{"line":46,"column":6},"end":{"line":52,"column":7}},"13":{"start":{"line":47,"column":21},"end":{"line":47,"column":39}},"14":{"start":{"line":48,"column":8},"end":{"line":50,"column":9}},"15":{"start":{"line":49,"column":10},"end":{"line":49,"column":40}},"16":{"start":{"line":51,"column":8},"end":{"line":51,"column":20}},"17":{"start":{"line":53,"column":6},"end":{"line":53,"column":64}},"18":{"start":{"line":56,"column":6},"end":{"line":66,"column":7}},"19":{"start":{"line":57,"column":8},"end":{"line":65,"column":10}},"20":{"start":{"line":67,"column":6},"end":{"line":67,"column":84}},"21":{"start":{"line":75,"column":20},"end":{"line":90,"column":6}},"22":{"start":{"line":92,"column":21},"end":{"line":92,"column":70}},"23":{"start":{"line":93,"column":4},"end":{"line":93,"column":25}},"24":{"start":{"line":100,"column":21},"end":{"line":100,"column":79}},"25":{"start":{"line":101,"column":4},"end":{"line":101,"column":37}},"26":{"start":{"line":108,"column":21},"end":{"line":108,"column":74}},"27":{"start":{"line":109,"column":4},"end":{"line":109,"column":39}},"28":{"start":{"line":116,"column":20},"end":{"line":133,"column":6}},"29":{"start":{"line":117,"column":42},"end":{"line":132,"column":8}},"30":{"start":{"line":135,"column":21},"end":{"line":135,"column":75}},"31":{"start":{"line":136,"column":4},"end":{"line":136,"column":25}},"32":{"start":{"line":143,"column":4},"end":{"line":148,"column":5}},"33":{"start":{"line":144,"column":18},"end":{"line":144,"column":80}},"34":{"start":{"line":145,"column":6},"end":{"line":145,"column":32}},"35":{"start":{"line":147,"column":6},"end":{"line":147,"column":19}},"36":{"start":{"line":152,"column":13},"end":{"line":152,"column":52}},"37":{"start":{"line":153,"column":0},"end":{"line":153,"column":27}}},"fnMap":{"0":{"name":"(anonymous_1)","decl":{"start":{"line":11,"column":2},"end":{"line":11,"column":null}},"loc":{"start":{"line":11,"column":2},"end":{"line":26,"column":3}}},"1":{"name":"(anonymous_2)","decl":{"start":{"line":20,"column":41},"end":{"line":20,"column":42}},"loc":{"start":{"line":20,"column":52},"end":{"line":25,"column":5}}},"2":{"name":"(anonymous_3)","decl":{"start":{"line":28,"column":9},"end":{"line":28,"column":21}},"loc":{"start":{"line":28,"column":42},"end":{"line":30,"column":3}}},"3":{"name":"(anonymous_4)","decl":{"start":{"line":32,"column":9},"end":{"line":32,"column":19}},"loc":{"start":{"line":32,"column":31},"end":{"line":34,"column":3}}},"4":{"name":"(anonymous_5)","decl":{"start":{"line":39,"column":2},"end":{"line":39,"column":7}},"loc":{"start":{"line":39,"column":56},"end":{"line":69,"column":3}}},"5":{"name":"(anonymous_6)","decl":{"start":{"line":74,"column":2},"end":{"line":74,"column":7}},"loc":{"start":{"line":74,"column":52},"end":{"line":94,"column":3}}},"6":{"name":"(anonymous_7)","decl":{"start":{"line":99,"column":2},"end":{"line":99,"column":7}},"loc":{"start":{"line":99,"column":43},"end":{"line":102,"column":3}}},"7":{"name":"(anonymous_8)","decl":{"start":{"line":107,"column":2},"end":{"line":107,"column":7}},"loc":{"start":{"line":107,"column":42},"end":{"line":110,"column":3}}},"8":{"name":"(anonymous_9)","decl":{"start":{"line":115,"column":2},"end":{"line":115,"column":7}},"loc":{"start":{"line":115,"column":50},"end":{"line":137,"column":3}}},"9":{"name":"(anonymous_10)","decl":{"start":{"line":117,"column":31},"end":{"line":117,"column":32}},"loc":{"start":{"line":117,"column":42},"end":{"line":132,"column":8}}},"10":{"name":"(anonymous_11)","decl":{"start":{"line":142,"column":2},"end":{"line":142,"column":7}},"loc":{"start":{"line":142,"column":19},"end":{"line":149,"column":3}}}},"branchMap":{"0":{"loc":{"start":{"line":21,"column":6},"end":{"line":23,"column":7}},"type":"if","locations":[{"start":{"line":21,"column":6},"end":{"line":23,"column":7}}]},"1":{"loc":{"start":{"line":46,"column":6},"end":{"line":52,"column":7}},"type":"if","locations":[{"start":{"line":46,"column":6},"end":{"line":52,"column":7}}]},"2":{"loc":{"start":{"line":46,"column":10},"end":{"line":46,"column":54}},"type":"binary-expr","locations":[{"start":{"line":46,"column":10},"end":{"line":46,"column":32}},{"start":{"line":46,"column":36},"end":{"line":46,"column":54}}]},"3":{"loc":{"start":{"line":48,"column":8},"end":{"line":50,"column":9}},"type":"if","locations":[{"start":{"line":48,"column":8},"end":{"line":50,"column":9}}]},"4":{"loc":{"start":{"line":53,"column":22},"end":{"line":53,"column":62}},"type":"binary-expr","locations":[{"start":{"line":53,"column":22},"end":{"line":53,"column":44}},{"start":{"line":53,"column":48},"end":{"line":53,"column":62}}]},"5":{"loc":{"start":{"line":56,"column":6},"end":{"line":66,"column":7}},"type":"if","locations":[{"start":{"line":56,"column":6},"end":{"line":66,"column":7}}]},"6":{"loc":{"start":{"line":56,"column":10},"end":{"line":56,"column":53}},"type":"binary-expr","locations":[{"start":{"line":56,"column":10},"end":{"line":56,"column":36}},{"start":{"line":56,"column":40},"end":{"line":56,"column":53}}]},"7":{"loc":{"start":{"line":60,"column":17},"end":{"line":60,"column":85}},"type":"cond-expr","locations":[{"start":{"line":60,"column":44},"end":{"line":60,"column":54}},{"start":{"line":60,"column":57},"end":{"line":60,"column":85}}]},"8":{"loc":{"start":{"line":67,"column":22},"end":{"line":67,"column":82}},"type":"binary-expr","locations":[{"start":{"line":67,"column":22},"end":{"line":67,"column":49}},{"start":{"line":67,"column":53},"end":{"line":67,"column":64}},{"start":{"line":67,"column":68},"end":{"line":67,"column":82}}]},"9":{"loc":{"start":{"line":82,"column":18},"end":{"line":82,"column":40}},"type":"binary-expr","locations":[{"start":{"line":82,"column":18},"end":{"line":82,"column":35}},{"start":{"line":82,"column":39},"end":{"line":82,"column":40}}]},"10":{"loc":{"start":{"line":83,"column":24},"end":{"line":83,"column":53}},"type":"binary-expr","locations":[{"start":{"line":83,"column":24},"end":{"line":83,"column":47}},{"start":{"line":83,"column":51},"end":{"line":83,"column":53}}]},"11":{"loc":{"start":{"line":86,"column":16},"end":{"line":86,"column":63}},"type":"binary-expr","locations":[{"start":{"line":86,"column":16},"end":{"line":86,"column":36}},{"start":{"line":86,"column":40},"end":{"line":86,"column":57}},{"start":{"line":86,"column":61},"end":{"line":86,"column":63}}]},"12":{"loc":{"start":{"line":88,"column":18},"end":{"line":88,"column":78}},"type":"cond-expr","locations":[{"start":{"line":88,"column":53},"end":{"line":88,"column":61}},{"start":{"line":88,"column":64},"end":{"line":88,"column":78}}]},"13":{"loc":{"start":{"line":101,"column":11},"end":{"line":101,"column":36}},"type":"binary-expr","locations":[{"start":{"line":101,"column":11},"end":{"line":101,"column":30}},{"start":{"line":101,"column":34},"end":{"line":101,"column":36}}]},"14":{"loc":{"start":{"line":109,"column":11},"end":{"line":109,"column":38}},"type":"binary-expr","locations":[{"start":{"line":109,"column":11},"end":{"line":109,"column":30}},{"start":{"line":109,"column":34},"end":{"line":109,"column":38}}]},"15":{"loc":{"start":{"line":124,"column":20},"end":{"line":124,"column":38}},"type":"binary-expr","locations":[{"start":{"line":124,"column":20},"end":{"line":124,"column":33}},{"start":{"line":124,"column":37},"end":{"line":124,"column":38}}]},"16":{"loc":{"start":{"line":125,"column":26},"end":{"line":125,"column":51}},"type":"binary-expr","locations":[{"start":{"line":125,"column":26},"end":{"line":125,"column":45}},{"start":{"line":125,"column":49},"end":{"line":125,"column":51}}]},"17":{"loc":{"start":{"line":128,"column":18},"end":{"line":128,"column":57}},"type":"binary-expr","locations":[{"start":{"line":128,"column":18},"end":{"line":128,"column":34}},{"start":{"line":128,"column":38},"end":{"line":128,"column":51}},{"start":{"line":128,"column":55},"end":{"line":128,"column":57}}]}},"s":{"0":1,"1":1,"2":1,"3":1,"4":1,"5":0,"6":0,"7":0,"8":0,"9":0,"10":0,"11":0,"12":0,"13":0,"14":0,"15":0,"16":0,"17":0,"18":0,"19":0,"20":0,"21":0,"22":0,"23":0,"24":0,"25":0,"26":0,"27":0,"28":0,"29":0,"30":0,"31":0,"32":0,"33":0,"34":0,"35":0,"36":1,"37":1},"f":{"0":1,"1":0,"2":0,"3":0,"4":0,"5":0,"6":0,"7":0,"8":0,"9":0,"10":0},"b":{"0":[0],"1":[0],"2":[0,0],"3":[0],"4":[0,0],"5":[0],"6":[0,0],"7":[0,0],"8":[0,0,0],"9":[0,0],"10":[0,0],"11":[0,0,0],"12":[0,0],"13":[0,0],"14":[0,0],"15":[0,0],"16":[0,0],"17":[0,0,0]}}
,"D:\\SLIIT\\Y3 S2\\My\\CSSE\\Assignment 02\\EcoGuard\\mobileApp\\Ranger\\src\\services\\file:\\D:\\SLIIT\\Y3%20S2\\My\\CSSE\\Assignment%2002\\EcoGuard\\mobileApp\\Ranger\\src\\services\\incidentStorage.ts": {"path":"D:\\SLIIT\\Y3 S2\\My\\CSSE\\Assignment 02\\EcoGuard\\mobileApp\\Ranger\\src\\services\\file:\\D:\\SLIIT\\Y3%20S2\\My\\CSSE\\Assignment%2002\\EcoGuard\\mobileApp\\Ranger\\src\\services\\incidentStorage.ts","statementMap":{"0":{"start":{"line":1,"column":0},"end":{"line":1,"column":69}},"1":{"start":{"line":3,"column":0},"end":{"line":3,"column":66}},"2":{"start":{"line":5,"column":21},"end":{"line":8,"column":2}},"3":{"start":{"line":11,"column":26},"end":{"line":11,"column":64}},"4":{"start":{"line":18,"column":4},"end":{"line":30,"column":5}},"5":{"start":{"line":19,"column":19},"end":{"line":19,"column":69}},"6":{"start":{"line":20,"column":6},"end":{"line":27,"column":7}},"7":{"start":{"line":21,"column":23},"end":{"line":21,"column":39}},"8":{"start":{"line":22,"column":8},"end":{"line":26,"column":9}},"9":{"start":{"line":24,"column":10},"end":{"line":24,"column":78}},"10":{"start":{"line":24,"column":35},"end":{"line":24,"column":76}},"11":{"start":{"line":25,"column":10},"end":{"line":25,"column":24}},"12":{"start":{"line":31,"column":4},"end":{"line":31,"column":50}},"13":{"start":{"line":39,"column":4},"end":{"line":39,"column":30}},"14":{"start":{"line":40,"column":4},"end":{"line":40,"column":70}},"15":{"start":{"line":40,"column":27},"end":{"line":40,"column":68}},"16":{"start":{"line":42,"column":4},"end":{"line":46,"column":5}},"17":{"start":{"line":43,"column":6},"end":{"line":43,"column":79}},"18":{"start":{"line":53,"column":17},"end":{"line":53,"column":40}},"19":{"start":{"line":54,"column":26},"end":{"line":54,"column":85}},"20":{"start":{"line":54,"column":51},"end":{"line":54,"column":84}},"21":{"start":{"line":56,"column":49},"end":{"line":59,"column":6}},"22":{"start":{"line":61,"column":4},"end":{"line":65,"column":5}},"23":{"start":{"line":62,"column":6},"end":{"line":62,"column":44}},"24":{"start":{"line":64,"column":6},"end":{"line":64,"column":36}},"25":{"start":{"line":67,"column":4},"end":{"line":67,"column":32}},"26":{"start":{"line":68,"column":4},"end":{"line":68,"column":27}},"27":{"start":{"line":75,"column":17},"end":{"line":75,"column":40}},"28":{"start":{"line":76,"column":4},"end":{"line":78,"column":6}},"29":{"start":{"line":77,"column":16},"end":{"line":77,"column":83}},"30":{"start":{"line":85,"column":17},"end":{"line":85,"column":40}},"31":{"start":{"line":86,"column":4},"end":{"line":88,"column":6}},"32":{"start":{"line":87,"column":16},"end":{"line":87,"column":97}},"33":{"start":{"line":95,"column":17},"end":{"line":95,"column":40}},"34":{"start":{"line":96,"column":4},"end":{"line":99,"column":6}},"35":{"start":{"line":97,"column":26},"end":{"line":97,"column":103}},"36":{"start":{"line":111,"column":17},"end":{"line":111,"column":40}},"37":{"start":{"line":112,"column":18},"end":{"line":112,"column":68}},"38":{"start":{"line":112,"column":43},"end":{"line":112,"column":67}},"39":{"start":{"line":113,"column":4},"end":{"line":113,"column":34}},"40":{"start":{"line":113,"column":22},"end":{"line":113,"column":34}},"41":{"start":{"line":115,"column":20},"end":{"line":115,"column":31}},"42":{"start":{"line":116,"column":41},"end":{"line":123,"column":6}},"43":{"start":{"line":125,"column":4},"end":{"line":125,"column":26}},"44":{"start":{"line":126,"column":4},"end":{"line":126,"column":32}},"45":{"start":{"line":127,"column":4},"end":{"line":127,"column":19}},"46":{"start":{"line":134,"column":17},"end":{"line":134,"column":40}},"47":{"start":{"line":135,"column":21},"end":{"line":135,"column":68}},"48":{"start":{"line":135,"column":43},"end":{"line":135,"column":67}},"49":{"start":{"line":136,"column":4},"end":{"line":136,"column":36}},"50":{"start":{"line":137,"column":4},"end":{"line":137,"column":16}},"51":{"start":{"line":144,"column":4},"end":{"line":144,"column":30}},"52":{"start":{"line":145,"column":4},"end":{"line":149,"column":5}},"53":{"start":{"line":146,"column":6},"end":{"line":146,"column":60}},"54":{"start":{"line":13,"column":0},"end":{"line":13,"column":13}},"55":{"start":{"line":153,"column":0},"end":{"line":153,"column":38}}},"fnMap":{"0":{"name":"(anonymous_1)","decl":{"start":{"line":17,"column":10},"end":{"line":17,"column":16}},"loc":{"start":{"line":17,"column":33},"end":{"line":32,"column":3}}},"1":{"name":"(anonymous_2)","decl":{"start":{"line":24,"column":25},"end":{"line":24,"column":26}},"loc":{"start":{"line":24,"column":35},"end":{"line":24,"column":76}}},"2":{"name":"(anonymous_3)","decl":{"start":{"line":37,"column":10},"end":{"line":37,"column":16}},"loc":{"start":{"line":37,"column":61},"end":{"line":47,"column":3}}},"3":{"name":"(anonymous_4)","decl":{"start":{"line":40,"column":17},"end":{"line":40,"column":18}},"loc":{"start":{"line":40,"column":27},"end":{"line":40,"column":68}}},"4":{"name":"(anonymous_5)","decl":{"start":{"line":52,"column":2},"end":{"line":52,"column":8}},"loc":{"start":{"line":52,"column":57},"end":{"line":69,"column":3}}},"5":{"name":"(anonymous_6)","decl":{"start":{"line":54,"column":41},"end":{"line":54,"column":42}},"loc":{"start":{"line":54,"column":51},"end":{"line":54,"column":84}}},"6":{"name":"(anonymous_7)","decl":{"start":{"line":74,"column":2},"end":{"line":74,"column":8}},"loc":{"start":{"line":74,"column":35},"end":{"line":79,"column":3}}},"7":{"name":"(anonymous_8)","decl":{"start":{"line":77,"column":6},"end":{"line":77,"column":7}},"loc":{"start":{"line":77,"column":16},"end":{"line":77,"column":83}}},"8":{"name":"(anonymous_9)","decl":{"start":{"line":84,"column":2},"end":{"line":84,"column":8}},"loc":{"start":{"line":84,"column":34},"end":{"line":89,"column":3}}},"9":{"name":"(anonymous_10)","decl":{"start":{"line":87,"column":6},"end":{"line":87,"column":7}},"loc":{"start":{"line":87,"column":16},"end":{"line":87,"column":97}}},"10":{"name":"(anonymous_11)","decl":{"start":{"line":94,"column":2},"end":{"line":94,"column":8}},"loc":{"start":{"line":94,"column":42},"end":{"line":100,"column":3}}},"11":{"name":"(anonymous_12)","decl":{"start":{"line":97,"column":16},"end":{"line":97,"column":17}},"loc":{"start":{"line":97,"column":26},"end":{"line":97,"column":103}}},"12":{"name":"(anonymous_13)","decl":{"start":{"line":105,"column":2},"end":{"line":105,"column":8}},"loc":{"start":{"line":109,"column":40},"end":{"line":128,"column":3}}},"13":{"name":"(anonymous_14)","decl":{"start":{"line":112,"column":33},"end":{"line":112,"column":34}},"loc":{"start":{"line":112,"column":43},"end":{"line":112,"column":67}}},"14":{"name":"(anonymous_15)","decl":{"start":{"line":133,"column":2},"end":{"line":133,"column":8}},"loc":{"start":{"line":133,"column":45},"end":{"line":138,"column":3}}},"15":{"name":"(anonymous_16)","decl":{"start":{"line":135,"column":33},"end":{"line":135,"column":34}},"loc":{"start":{"line":135,"column":43},"end":{"line":135,"column":67}}},"16":{"name":"(anonymous_17)","decl":{"start":{"line":143,"column":2},"end":{"line":143,"column":8}},"loc":{"start":{"line":143,"column":37},"end":{"line":150,"column":3}}}},"branchMap":{"0":{"loc":{"start":{"line":20,"column":6},"end":{"line":27,"column":7}},"type":"if","locations":[{"start":{"line":20,"column":6},"end":{"line":27,"column":7}}]},"1":{"loc":{"start":{"line":22,"column":8},"end":{"line":26,"column":9}},"type":"if","locations":[{"start":{"line":22,"column":8},"end":{"line":26,"column":9}}]},"2":{"loc":{"start":{"line":61,"column":4},"end":{"line":65,"column":5}},"type":"if","locations":[{"start":{"line":61,"column":4},"end":{"line":65,"column":5}},{"start":{"line":63,"column":11},"end":{"line":65,"column":5}}]},"3":{"loc":{"start":{"line":87,"column":16},"end":{"line":87,"column":97}},"type":"binary-expr","locations":[{"start":{"line":87,"column":16},"end":{"line":87,"column":55}},{"start":{"line":87,"column":59},"end":{"line":87,"column":97}}]},"4":{"loc":{"start":{"line":97,"column":6},"end":{"line":98,"column":10}},"type":"binary-expr","locations":[{"start":{"line":97,"column":6},"end":{"line":97,"column":104}},{"start":{"line":98,"column":6},"end":{"line":98,"column":10}}]},"5":{"loc":{"start":{"line":97,"column":26},"end":{"line":97,"column":103}},"type":"binary-expr","locations":[{"start":{"line":97,"column":26},"end":{"line":97,"column":45}},{"start":{"line":97,"column":49},"end":{"line":97,"column":70}},{"start":{"line":97,"column":74},"end":{"line":97,"column":103}}]},"6":{"loc":{"start":{"line":113,"column":4},"end":{"line":113,"column":34}},"type":"if","locations":[{"start":{"line":113,"column":4},"end":{"line":113,"column":34}}]},"7":{"loc":{"start":{"line":119,"column":20},"end":{"line":119,"column":100}},"type":"cond-expr","locations":[{"start":{"line":119,"column":53},"end":{"line":119,"column":77}},{"start":{"line":119,"column":80},"end":{"line":119,"column":100}}]},"8":{"loc":{"start":{"line":120,"column":21},"end":{"line":120,"column":72}},"type":"cond-expr","locations":[{"start":{"line":120,"column":43},"end":{"line":120,"column":48}},{"start":{"line":120,"column":51},"end":{"line":120,"column":72}}]},"9":{"loc":{"start":{"line":121,"column":17},"end":{"line":121,"column":60}},"type":"binary-expr","locations":[{"start":{"line":121,"column":17},"end":{"line":121,"column":39}},{"start":{"line":121,"column":43},"end":{"line":121,"column":60}}]}},"s":{"0":1,"1":1,"2":1,"3":1,"4":49,"5":49,"6":49,"7":23,"8":23,"9":23,"10":23,"11":23,"12":26,"13":19,"14":19,"15":19,"16":19,"17":19,"18":9,"19":9,"20":0,"21":9,"22":9,"23":0,"24":9,"25":9,"26":9,"27":2,"28":2,"29":0,"30":24,"31":24,"32":7,"33":4,"34":4,"35":4,"36":10,"37":10,"38":10,"39":10,"40":0,"41":10,"42":10,"43":10,"44":10,"45":10,"46":0,"47":0,"48":0,"49":0,"50":0,"51":17,"52":17,"53":17,"54":1,"55":1},"f":{"0":49,"1":23,"2":19,"3":19,"4":9,"5":0,"6":2,"7":0,"8":24,"9":7,"10":4,"11":4,"12":10,"13":10,"14":0,"15":0,"16":17},"b":{"0":[23],"1":[23],"2":[0,9],"3":[7,1],"4":[4,0],"5":[4,0,0],"6":[0],"7":[5,5],"8":[1,9],"9":[10,6]}}
,"D:\\SLIIT\\Y3 S2\\My\\CSSE\\Assignment 02\\EcoGuard\\mobileApp\\Ranger\\src\\services\\file:\\D:\\SLIIT\\Y3%20S2\\My\\CSSE\\Assignment%2002\\EcoGuard\\mobileApp\\Ranger\\src\\services\\locationService.ts": {"path":"D:\\SLIIT\\Y3 S2\\My\\CSSE\\Assignment 02\\EcoGuard\\mobileApp\\Ranger\\src\\services\\file:\\D:\\SLIIT\\Y3%20S2\\My\\CSSE\\Assignment%2002\\EcoGuard\\mobileApp\\Ranger\\src\\services\\locationService.ts","statementMap":{"0":{"start":{"line":11,"column":47},"end":{"line":11,"column":52}},"1":{"start":{"line":17,"column":4},"end":{"line":23,"column":5}},"2":{"start":{"line":18,"column":6},"end":{"line":22,"column":8}},"3":{"start":{"line":25,"column":4},"end":{"line":62,"column":5}},"4":{"start":{"line":27,"column":6},"end":{"line":59,"column":7}},"5":{"start":{"line":28,"column":8},"end":{"line":58,"column":11}},"6":{"start":{"line":29,"column":10},"end":{"line":57,"column":12}},"7":{"start":{"line":31,"column":14},"end":{"line":39,"column":17}},"8":{"start":{"line":42,"column":49},"end":{"line":42,"column":58}},"9":{"start":{"line":43,"column":28},"end":{"line":43,"column":62}},"10":{"start":{"line":44,"column":14},"end":{"line":53,"column":15}},"11":{"start":{"line":45,"column":16},"end":{"line":45,"column":43}},"12":{"start":{"line":46,"column":16},"end":{"line":46,"column":64}},"13":{"start":{"line":47,"column":21},"end":{"line":53,"column":15}},"14":{"start":{"line":48,"column":16},"end":{"line":48,"column":46}},"15":{"start":{"line":49,"column":16},"end":{"line":49,"column":94}},"16":{"start":{"line":50,"column":21},"end":{"line":53,"column":15}},"17":{"start":{"line":51,"column":16},"end":{"line":51,"column":33}},"18":{"start":{"line":52,"column":16},"end":{"line":52,"column":78}},"19":{"start":{"line":54,"column":14},"end":{"line":54,"column":64}},"20":{"start":{"line":65,"column":20},"end":{"line":65,"column":26}},"21":{"start":{"line":66,"column":20},"end":{"line":66,"column":27}},"22":{"start":{"line":68,"column":22},"end":{"line":68,"column":51}},"23":{"start":{"line":69,"column":22},"end":{"line":69,"column":51}},"24":{"start":{"line":71,"column":4},"end":{"line":79,"column":6}},"25":{"start":{"line":83,"column":4},"end":{"line":83,"column":44}},"26":{"start":{"line":87,"column":13},"end":{"line":87,"column":53}},"27":{"start":{"line":88,"column":0},"end":{"line":88,"column":31}}},"fnMap":{"0":{"name":"(anonymous_0)","decl":{"start":{"line":16,"column":2},"end":{"line":16,"column":7}},"loc":{"start":{"line":16,"column":26},"end":{"line":80,"column":3}}},"1":{"name":"(anonymous_1)","decl":{"start":{"line":28,"column":49},"end":{"line":28,"column":50}},"loc":{"start":{"line":28,"column":61},"end":{"line":58,"column":9}}},"2":{"name":"(anonymous_2)","decl":{"start":{"line":30,"column":12},"end":{"line":30,"column":13}},"loc":{"start":{"line":30,"column":20},"end":{"line":40,"column":13}}},"3":{"name":"(anonymous_3)","decl":{"start":{"line":41,"column":12},"end":{"line":41,"column":13}},"loc":{"start":{"line":41,"column":20},"end":{"line":55,"column":13}}},"4":{"name":"(anonymous_4)","decl":{"start":{"line":82,"column":9},"end":{"line":82,"column":37}},"loc":{"start":{"line":82,"column":53},"end":{"line":84,"column":3}}}},"branchMap":{"0":{"loc":{"start":{"line":17,"column":4},"end":{"line":23,"column":5}},"type":"if","locations":[{"start":{"line":17,"column":4},"end":{"line":23,"column":5}}]},"1":{"loc":{"start":{"line":27,"column":6},"end":{"line":59,"column":7}},"type":"if","locations":[{"start":{"line":27,"column":6},"end":{"line":59,"column":7}}]},"2":{"loc":{"start":{"line":27,"column":10},"end":{"line":27,"column":72}},"type":"binary-expr","locations":[{"start":{"line":27,"column":10},"end":{"line":27,"column":42}},{"start":{"line":27,"column":46},"end":{"line":27,"column":72}}]},"3":{"loc":{"start":{"line":36,"column":28},"end":{"line":36,"column":53}},"type":"binary-expr","locations":[{"start":{"line":36,"column":28},"end":{"line":36,"column":47}},{"start":{"line":36,"column":51},"end":{"line":36,"column":53}}]},"4":{"loc":{"start":{"line":44,"column":14},"end":{"line":53,"column":15}},"type":"if","locations":[{"start":{"line":44,"column":14},"end":{"line":53,"column":15}},{"start":{"line":47,"column":21},"end":{"line":53,"column":15}}]},"5":{"loc":{"start":{"line":47,"column":21},"end":{"line":53,"column":15}},"type":"if","locations":[{"start":{"line":47,"column":21},"end":{"line":53,"column":15}},{"start":{"line":50,"column":21},"end":{"line":53,"column":15}}]},"6":{"loc":{"start":{"line":50,"column":21},"end":{"line":53,"column":15}},"type":"if","locations":[{"start":{"line":50,"column":21},"end":{"line":53,"column":15}}]}},"s":{"0":1,"1":2,"2":1,"3":1,"4":1,"5":0,"6":0,"7":0,"8":0,"9":0,"10":0,"11":0,"12":0,"13":0,"14":0,"15":0,"16":0,"17":0,"18":0,"19":0,"20":1,"21":1,"22":1,"23":1,"24":1,"25":17,"26":1,"27":1},"f":{"0":2,"1":0,"2":0,"3":0,"4":17},"b":{"0":[1],"1":[0],"2":[1,1],"3":[0,0],"4":[0,0],"5":[0,0],"6":[0]}}
,"D:\\SLIIT\\Y3 S2\\My\\CSSE\\Assignment 02\\EcoGuard\\mobileApp\\Ranger\\src\\services\\file:\\D:\\SLIIT\\Y3%20S2\\My\\CSSE\\Assignment%2002\\EcoGuard\\mobileApp\\Ranger\\src\\services\\networkService.ts": {"path":"D:\\SLIIT\\Y3 S2\\My\\CSSE\\Assignment 02\\EcoGuard\\mobileApp\\Ranger\\src\\services\\file:\\D:\\SLIIT\\Y3%20S2\\My\\CSSE\\Assignment%2002\\EcoGuard\\mobileApp\\Ranger\\src\\services\\networkService.ts","statementMap":{"0":{"start":{"line":1,"column":0},"end":{"line":1,"column":72}},"1":{"start":{"line":6,"column":33},"end":{"line":6,"column":37}},"2":{"start":{"line":7,"column":48},"end":{"line":7,"column":52}},"3":{"start":{"line":8,"column":50},"end":{"line":8,"column":59}},"4":{"start":{"line":9,"column":45},"end":{"line":9,"column":49}},"5":{"start":{"line":12,"column":4},"end":{"line":12,"column":16}},"6":{"start":{"line":16,"column":4},"end":{"line":30,"column":5}},"7":{"start":{"line":17,"column":6},"end":{"line":21,"column":9}},"8":{"start":{"line":18,"column":26},"end":{"line":18,"column":52}},"9":{"start":{"line":19,"column":26},"end":{"line":19,"column":64}},"10":{"start":{"line":20,"column":8},"end":{"line":20,"column":47}},"11":{"start":{"line":23,"column":6},"end":{"line":27,"column":9}},"12":{"start":{"line":24,"column":8},"end":{"line":24,"column":101}},"13":{"start":{"line":34,"column":28},"end":{"line":34,"column":120}},"14":{"start":{"line":35,"column":4},"end":{"line":39,"column":5}},"15":{"start":{"line":36,"column":6},"end":{"line":36,"column":41}},"16":{"start":{"line":37,"column":6},"end":{"line":37,"column":43}},"17":{"start":{"line":38,"column":6},"end":{"line":38,"column":29}},"18":{"start":{"line":43,"column":4},"end":{"line":49,"column":7}},"19":{"start":{"line":44,"column":6},"end":{"line":48,"column":7}},"20":{"start":{"line":45,"column":8},"end":{"line":45,"column":35}},"21":{"start":{"line":47,"column":8},"end":{"line":47,"column":57}},"22":{"start":{"line":53,"column":4},"end":{"line":55,"column":5}},"23":{"start":{"line":54,"column":6},"end":{"line":54,"column":98}},"24":{"start":{"line":56,"column":4},"end":{"line":56,"column":92}},"25":{"start":{"line":60,"column":4},"end":{"line":60,"column":33}},"26":{"start":{"line":62,"column":4},"end":{"line":62,"column":43}},"27":{"start":{"line":64,"column":4},"end":{"line":66,"column":6}},"28":{"start":{"line":65,"column":6},"end":{"line":65,"column":38}},"29":{"start":{"line":73,"column":4},"end":{"line":73,"column":38}},"30":{"start":{"line":74,"column":20},"end":{"line":74,"column":48}},"31":{"start":{"line":75,"column":4},"end":{"line":75,"column":27}},"32":{"start":{"line":79,"column":4},"end":{"line":79,"column":33}},"33":{"start":{"line":83,"column":13},"end":{"line":83,"column":51}},"34":{"start":{"line":84,"column":0},"end":{"line":84,"column":30}}},"fnMap":{"0":{"name":"(anonymous_1)","decl":{"start":{"line":11,"column":2},"end":{"line":11,"column":null}},"loc":{"start":{"line":11,"column":2},"end":{"line":13,"column":3}}},"1":{"name":"(anonymous_2)","decl":{"start":{"line":15,"column":10},"end":{"line":15,"column":14}},"loc":{"start":{"line":15,"column":14},"end":{"line":31,"column":3}}},"2":{"name":"(anonymous_3)","decl":{"start":{"line":17,"column":31},"end":{"line":17,"column":32}},"loc":{"start":{"line":17,"column":55},"end":{"line":21,"column":7}}},"3":{"name":"(anonymous_4)","decl":{"start":{"line":23,"column":27},"end":{"line":23,"column":28}},"loc":{"start":{"line":23,"column":37},"end":{"line":25,"column":7}}},"4":{"name":"(anonymous_5)","decl":{"start":{"line":25,"column":15},"end":{"line":25,"column":18}},"loc":{"start":{"line":25,"column":20},"end":{"line":27,"column":7}}},"5":{"name":"(anonymous_6)","decl":{"start":{"line":33,"column":10},"end":{"line":33,"column":21}},"loc":{"start":{"line":33,"column":67},"end":{"line":40,"column":3}}},"6":{"name":"(anonymous_7)","decl":{"start":{"line":42,"column":10},"end":{"line":42,"column":25}},"loc":{"start":{"line":42,"column":25},"end":{"line":50,"column":3}}},"7":{"name":"(anonymous_8)","decl":{"start":{"line":43,"column":27},"end":{"line":43,"column":28}},"loc":{"start":{"line":43,"column":40},"end":{"line":49,"column":5}}},"8":{"name":"(anonymous_9)","decl":{"start":{"line":52,"column":9},"end":{"line":52,"column":18}},"loc":{"start":{"line":52,"column":18},"end":{"line":57,"column":3}}},"9":{"name":"(anonymous_10)","decl":{"start":{"line":59,"column":9},"end":{"line":59,"column":18}},"loc":{"start":{"line":59,"column":50},"end":{"line":67,"column":3}}},"10":{"name":"(anonymous_11)","decl":{"start":{"line":64,"column":11},"end":{"line":64,"column":14}},"loc":{"start":{"line":64,"column":16},"end":{"line":66,"column":5}}},"11":{"name":"(anonymous_12)","decl":{"start":{"line":72,"column":9},"end":{"line":72,"column":28}},"loc":{"start":{"line":72,"column":54},"end":{"line":76,"column":3}}},"12":{"name":"(anonymous_13)","decl":{"start":{"line":78,"column":9},"end":{"line":78,"column":27}},"loc":{"start":{"line":78,"column":27},"end":{"line":80,"column":3}}}},"branchMap":{"0":{"loc":{"start":{"line":18,"column":26},"end":{"line":18,"column":52}},"type":"binary-expr","locations":[{"start":{"line":18,"column":26},"end":{"line":18,"column":43}},{"start":{"line":18,"column":47},"end":{"line":18,"column":52}}]},"1":{"loc":{"start":{"line":19,"column":26},"end":{"line":19,"column":64}},"type":"binary-expr","locations":[{"start":{"line":19,"column":26},"end":{"line":19,"column":51}},{"start":{"line":19,"column":55},"end":{"line":19,"column":64}}]},"2":{"loc":{"start":{"line":24,"column":25},"end":{"line":24,"column":51}},"type":"binary-expr","locations":[{"start":{"line":24,"column":25},"end":{"line":24,"column":42}},{"start":{"line":24,"column":46},"end":{"line":24,"column":51}}]},"3":{"loc":{"start":{"line":24,"column":53},"end":{"line":24,"column":99}},"type":"binary-expr","locations":[{"start":{"line":24,"column":53},"end":{"line":24,"column":78}},{"start":{"line":24,"column":82},"end":{"line":24,"column":99}}]},"4":{"loc":{"start":{"line":34,"column":28},"end":{"line":34,"column":120}},"type":"cond-expr","locations":[{"start":{"line":34,"column":61},"end":{"line":34,"column":83}},{"start":{"line":34,"column":87},"end":{"line":34,"column":119}}]},"5":{"loc":{"start":{"line":34,"column":87},"end":{"line":34,"column":119}},"type":"binary-expr","locations":[{"start":{"line":34,"column":87},"end":{"line":34,"column":96}},{"start":{"line":34,"column":100},"end":{"line":34,"column":119}}]},"6":{"loc":{"start":{"line":35,"column":4},"end":{"line":39,"column":5}},"type":"if","locations":[{"start":{"line":35,"column":4},"end":{"line":39,"column":5}}]},"7":{"loc":{"start":{"line":53,"column":4},"end":{"line":55,"column":5}},"type":"if","locations":[{"start":{"line":53,"column":4},"end":{"line":55,"column":5}}]}},"s":{"0":1,"1":1,"2":1,"3":1,"4":1,"5":1,"6":1,"7":1,"8":0,"9":0,"10":0,"11":1,"12":1,"13":1,"14":1,"15":0,"16":0,"17":0,"18":16,"19":16,"20":16,"21":0,"22":40,"23":0,"24":40,"25":1,"26":1,"27":1,"28":0,"29":16,"30":16,"31":16,"32":0,"33":1,"34":1},"f":{"0":1,"1":1,"2":0,"3":1,"4":0,"5":1,"6":16,"7":16,"8":40,"9":1,"10":0,"11":16,"12":0},"b":{"0":[0,0],"1":[0,0],"2":[1,0],"3":[1,0],"4":[0,1],"5":[1,1],"6":[0],"7":[0]}}
,"D:\\SLIIT\\Y3 S2\\My\\CSSE\\Assignment 02\\EcoGuard\\mobileApp\\Ranger\\src\\services\\file:\\D:\\SLIIT\\Y3%20S2\\My\\CSSE\\Assignment%2002\\EcoGuard\\mobileApp\\Ranger\\src\\services\\photoService.ts": {"path":"D:\\SLIIT\\Y3 S2\\My\\CSSE\\Assignment 02\\EcoGuard\\mobileApp\\Ranger\\src\\services\\file:\\D:\\SLIIT\\Y3%20S2\\My\\CSSE\\Assignment%2002\\EcoGuard\\mobileApp\\Ranger\\src\\services\\photoService.ts","statementMap":{"0":{"start":{"line":10,"column":2},"end":{"line":10,"column":122}},"1":{"start":{"line":17,"column":22},"end":{"line":17,"column":32}},"2":{"start":{"line":18,"column":4},"end":{"line":23,"column":6}},"3":{"start":{"line":30,"column":22},"end":{"line":30,"column":32}},"4":{"start":{"line":31,"column":4},"end":{"line":36,"column":6}},"5":{"start":{"line":40,"column":13},"end":{"line":40,"column":47}},"6":{"start":{"line":41,"column":0},"end":{"line":41,"column":28}}},"fnMap":{"0":{"name":"(anonymous_0)","decl":{"start":{"line":16,"column":2},"end":{"line":16,"column":7}},"loc":{"start":{"line":16,"column":17},"end":{"line":24,"column":3}}},"1":{"name":"(anonymous_1)","decl":{"start":{"line":29,"column":2},"end":{"line":29,"column":7}},"loc":{"start":{"line":29,"column":23},"end":{"line":37,"column":3}}}},"branchMap":{},"s":{"0":1,"1":1,"2":1,"3":1,"4":1,"5":1,"6":1},"f":{"0":1,"1":1},"b":{}}
,"D:\\SLIIT\\Y3 S2\\My\\CSSE\\Assignment 02\\EcoGuard\\mobileApp\\Ranger\\src\\services\\file:\\D:\\SLIIT\\Y3%20S2\\My\\CSSE\\Assignment%2002\\EcoGuard\\mobileApp\\Ranger\\src\\services\\syncService.ts": {"path":"D:\\SLIIT\\Y3 S2\\My\\CSSE\\Assignment 02\\EcoGuard\\mobileApp\\Ranger\\src\\services\\file:\\D:\\SLIIT\\Y3%20S2\\My\\CSSE\\Assignment%2002\\EcoGuard\\mobileApp\\Ranger\\src\\services\\syncService.ts","statementMap":{"0":{"start":{"line":1,"column":0},"end":{"line":1,"column":59}},"1":{"start":{"line":2,"column":0},"end":{"line":2,"column":44}},"2":{"start":{"line":3,"column":0},"end":{"line":3,"column":50}},"3":{"start":{"line":4,"column":0},"end":{"line":4,"column":54}},"4":{"start":{"line":15,"column":31},"end":{"line":15,"column":36}},"5":{"start":{"line":16,"column":38},"end":{"line":16,"column":42}},"6":{"start":{"line":17,"column":48},"end":{"line":17,"column":57}},"7":{"start":{"line":20,"column":4},"end":{"line":20,"column":31}},"8":{"start":{"line":25,"column":4},"end":{"line":31,"column":7}},"9":{"start":{"line":26,"column":6},"end":{"line":30,"column":7}},"10":{"start":{"line":27,"column":8},"end":{"line":29,"column":11}},"11":{"start":{"line":28,"column":10},"end":{"line":28,"column":70}},"12":{"start":{"line":35,"column":4},"end":{"line":35,"column":35}},"13":{"start":{"line":36,"column":4},"end":{"line":41,"column":7}},"14":{"start":{"line":42,"column":4},"end":{"line":44,"column":6}},"15":{"start":{"line":43,"column":6},"end":{"line":43,"column":40}},"16":{"start":{"line":48,"column":4},"end":{"line":59,"column":7}},"17":{"start":{"line":49,"column":6},"end":{"line":58,"column":7}},"18":{"start":{"line":50,"column":8},"end":{"line":55,"column":11}},"19":{"start":{"line":57,"column":8},"end":{"line":57,"column":61}},"20":{"start":{"line":63,"column":4},"end":{"line":63,"column":26}},"21":{"start":{"line":67,"column":4},"end":{"line":67,"column":29}},"22":{"start":{"line":74,"column":28},"end":{"line":74,"column":54}},"23":{"start":{"line":75,"column":4},"end":{"line":77,"column":5}},"24":{"start":{"line":76,"column":6},"end":{"line":76,"column":74}},"25":{"start":{"line":79,"column":4},"end":{"line":81,"column":5}},"26":{"start":{"line":80,"column":6},"end":{"line":80,"column":48}},"27":{"start":{"line":83,"column":4},"end":{"line":83,"column":26}},"28":{"start":{"line":84,"column":4},"end":{"line":84,"column":18}},"29":{"start":{"line":86,"column":22},"end":{"line":86,"column":23}},"30":{"start":{"line":87,"column":22},"end":{"line":87,"column":23}},"31":{"start":{"line":89,"column":4},"end":{"line":127,"column":5}},"32":{"start":{"line":90,"column":27},"end":{"line":90,"column":77}},"33":{"start":{"line":92,"column":6},"end":{"line":120,"column":7}},"34":{"start":{"line":93,"column":8},"end":{"line":119,"column":9}},"35":{"start":{"line":95,"column":10},"end":{"line":95,"column":91}},"36":{"start":{"line":97,"column":25},"end":{"line":97,"column":63}},"37":{"start":{"line":99,"column":10},"end":{"line":110,"column":11}},"38":{"start":{"line":100,"column":30},"end":{"line":100,"column":73}},"39":{"start":{"line":101,"column":12},"end":{"line":106,"column":14}},"40":{"start":{"line":107,"column":12},"end":{"line":107,"column":26}},"41":{"start":{"line":109,"column":12},"end":{"line":109,"column":74}},"42":{"start":{"line":112,"column":10},"end":{"line":112,"column":24}},"43":{"start":{"line":113,"column":31},"end":{"line":113,"column":104}},"44":{"start":{"line":114,"column":10},"end":{"line":118,"column":12}},"45":{"start":{"line":122,"column":6},"end":{"line":122,"column":37}},"46":{"start":{"line":123,"column":6},"end":{"line":123,"column":86}},"47":{"start":{"line":125,"column":6},"end":{"line":125,"column":29}},"48":{"start":{"line":126,"column":6},"end":{"line":126,"column":44}},"49":{"start":{"line":134,"column":28},"end":{"line":134,"column":54}},"50":{"start":{"line":135,"column":4},"end":{"line":137,"column":5}},"51":{"start":{"line":136,"column":6},"end":{"line":136,"column":94}},"52":{"start":{"line":139,"column":17},"end":{"line":139,"column":71}},"53":{"start":{"line":140,"column":4},"end":{"line":142,"column":5}},"54":{"start":{"line":141,"column":6},"end":{"line":141,"column":62}},"55":{"start":{"line":144,"column":4},"end":{"line":144,"column":80}},"56":{"start":{"line":145,"column":4},"end":{"line":145,"column":18}},"57":{"start":{"line":147,"column":4},"end":{"line":170,"column":5}},"58":{"start":{"line":148,"column":21},"end":{"line":148,"column":59}},"59":{"start":{"line":149,"column":6},"end":{"line":159,"column":7}},"60":{"start":{"line":150,"column":26},"end":{"line":150,"column":69}},"61":{"start":{"line":151,"column":24},"end":{"line":155,"column":null}},"62":{"start":{"line":157,"column":8},"end":{"line":157,"column":26}},"63":{"start":{"line":158,"column":8},"end":{"line":158,"column":23}},"64":{"start":{"line":160,"column":6},"end":{"line":160,"column":59}},"65":{"start":{"line":162,"column":27},"end":{"line":162,"column":87}},"66":{"start":{"line":163,"column":22},"end":{"line":166,"column":null}},"67":{"start":{"line":168,"column":6},"end":{"line":168,"column":24}},"68":{"start":{"line":169,"column":6},"end":{"line":169,"column":21}},"69":{"start":{"line":174,"column":13},"end":{"line":174,"column":45}},"70":{"start":{"line":175,"column":0},"end":{"line":175,"column":27}}},"fnMap":{"0":{"name":"(anonymous_0)","decl":{"start":{"line":19,"column":2},"end":{"line":19,"column":null}},"loc":{"start":{"line":19,"column":2},"end":{"line":21,"column":3}}},"1":{"name":"(anonymous_1)","decl":{"start":{"line":23,"column":10},"end":{"line":23,"column":29}},"loc":{"start":{"line":23,"column":29},"end":{"line":32,"column":3}}},"2":{"name":"(anonymous_2)","decl":{"start":{"line":25,"column":29},"end":{"line":25,"column":30}},"loc":{"start":{"line":25,"column":45},"end":{"line":31,"column":5}}},"3":{"name":"(anonymous_3)","decl":{"start":{"line":27,"column":42},"end":{"line":27,"column":43}},"loc":{"start":{"line":27,"column":50},"end":{"line":29,"column":9}}},"4":{"name":"(anonymous_4)","decl":{"start":{"line":34,"column":9},"end":{"line":34,"column":18}},"loc":{"start":{"line":34,"column":46},"end":{"line":45,"column":3}}},"5":{"name":"(anonymous_5)","decl":{"start":{"line":42,"column":11},"end":{"line":42,"column":14}},"loc":{"start":{"line":42,"column":16},"end":{"line":44,"column":5}}},"6":{"name":"(anonymous_6)","decl":{"start":{"line":47,"column":10},"end":{"line":47,"column":16}},"loc":{"start":{"line":47,"column":65},"end":{"line":60,"column":3}}},"7":{"name":"(anonymous_7)","decl":{"start":{"line":48,"column":29},"end":{"line":48,"column":30}},"loc":{"start":{"line":48,"column":36},"end":{"line":59,"column":5}}},"8":{"name":"(anonymous_8)","decl":{"start":{"line":62,"column":9},"end":{"line":62,"column":21}},"loc":{"start":{"line":62,"column":21},"end":{"line":64,"column":3}}},"9":{"name":"(anonymous_9)","decl":{"start":{"line":66,"column":9},"end":{"line":66,"column":24}},"loc":{"start":{"line":66,"column":24},"end":{"line":68,"column":3}}},"10":{"name":"(anonymous_10)","decl":{"start":{"line":73,"column":2},"end":{"line":73,"column":7}},"loc":{"start":{"line":73,"column":28},"end":{"line":128,"column":3}}},"11":{"name":"(anonymous_11)","decl":{"start":{"line":133,"column":2},"end":{"line":133,"column":7}},"loc":{"start":{"line":133,"column":43},"end":{"line":171,"column":3}}}},"branchMap":{"0":{"loc":{"start":{"line":26,"column":6},"end":{"line":30,"column":7}},"type":"if","locations":[{"start":{"line":26,"column":6},"end":{"line":30,"column":7}}]},"1":{"loc":{"start":{"line":47,"column":17},"end":{"line":47,"column":40}},"type":"default-arg","locations":[{"start":{"line":47,"column":39},"end":{"line":47,"column":40}}]},"2":{"loc":{"start":{"line":47,"column":42},"end":{"line":47,"column":65}},"type":"default-arg","locations":[{"start":{"line":47,"column":64},"end":{"line":47,"column":65}}]},"3":{"loc":{"start":{"line":75,"column":4},"end":{"line":77,"column":5}},"type":"if","locations":[{"start":{"line":75,"column":4},"end":{"line":77,"column":5}}]},"4":{"loc":{"start":{"line":79,"column":4},"end":{"line":81,"column":5}},"type":"if","locations":[{"start":{"line":79,"column":4},"end":{"line":81,"column":5}}]},"5":{"loc":{"start":{"line":99,"column":10},"end":{"line":110,"column":11}},"type":"if","locations":[{"start":{"line":99,"column":10},"end":{"line":110,"column":11}},{"start":{"line":108,"column":17},"end":{"line":110,"column":11}}]},"6":{"loc":{"start":{"line":99,"column":14},"end":{"line":99,"column":38}},"type":"binary-expr","locations":[{"start":{"line":99,"column":14},"end":{"line":99,"column":20}},{"start":{"line":99,"column":24},"end":{"line":99,"column":38}}]},"7":{"loc":{"start":{"line":100,"column":30},"end":{"line":100,"column":73}},"type":"binary-expr","locations":[{"start":{"line":100,"column":30},"end":{"line":100,"column":53}},{"start":{"line":100,"column":57},"end":{"line":100,"column":73}}]},"8":{"loc":{"start":{"line":109,"column":28},"end":{"line":109,"column":72}},"type":"binary-expr","locations":[{"start":{"line":109,"column":28},"end":{"line":109,"column":43}},{"start":{"line":109,"column":47},"end":{"line":109,"column":72}}]},"9":{"loc":{"start":{"line":113,"column":31},"end":{"line":113,"column":104}},"type":"binary-expr","locations":[{"start":{"line":113,"column":31},"end":{"line":113,"column":58}},{"start":{"line":113,"column":62},"end":{"line":113,"column":73}},{"start":{"line":113,"column":77},"end":{"line":113,"column":104}}]},"10":{"loc":{"start":{"line":135,"column":4},"end":{"line":137,"column":5}},"type":"if","locations":[{"start":{"line":135,"column":4},"end":{"line":137,"column":5}}]},"11":{"loc":{"start":{"line":140,"column":4},"end":{"line":142,"column":5}},"type":"if","locations":[{"start":{"line":140,"column":4},"end":{"line":142,"column":5}}]},"12":{"loc":{"start":{"line":149,"column":6},"end":{"line":159,"column":7}},"type":"if","locations":[{"start":{"line":149,"column":6},"end":{"line":159,"column":7}}]},"13":{"loc":{"start":{"line":149,"column":10},"end":{"line":149,"column":34}},"type":"binary-expr","locations":[{"start":{"line":149,"column":10},"end":{"line":149,"column":16}},{"start":{"line":149,"column":20},"end":{"line":149,"column":34}}]},"14":{"loc":{"start":{"line":150,"column":26},"end":{"line":150,"column":69}},"type":"binary-expr","locations":[{"start":{"line":150,"column":26},"end":{"line":150,"column":49}},{"start":{"line":150,"column":53},"end":{"line":150,"column":69}}]},"15":{"loc":{"start":{"line":160,"column":22},"end":{"line":160,"column":57}},"type":"binary-expr","locations":[{"start":{"line":160,"column":22},"end":{"line":160,"column":37}},{"start":{"line":160,"column":41},"end":{"line":160,"column":57}}]},"16":{"loc":{"start":{"line":162,"column":27},"end":{"line":162,"column":87}},"type":"binary-expr","locations":[{"start":{"line":162,"column":27},"end":{"line":162,"column":54}},{"start":{"line":162,"column":58},"end":{"line":162,"column":69}},{"start":{"line":162,"column":73},"end":{"line":162,"column":87}}]}},"s":{"0":1,"1":1,"2":1,"3":1,"4":1,"5":1,"6":1,"7":1,"8":1,"9":17,"10":17,"11":0,"12":0,"13":0,"14":0,"15":0,"16":46,"17":0,"18":0,"19":0,"20":0,"21":0,"22":22,"23":22,"24":0,"25":22,"26":0,"27":22,"28":22,"29":22,"30":22,"31":22,"32":22,"33":22,"34":4,"35":4,"36":4,"37":3,"38":3,"39":3,"40":3,"41":0,"42":1,"43":1,"44":1,"45":22,"46":22,"47":22,"48":22,"49":1,"50":1,"51":0,"52":1,"53":1,"54":0,"55":1,"56":1,"57":1,"58":1,"59":1,"60":1,"61":1,"62":1,"63":1,"64":0,"65":0,"66":0,"67":0,"68":0,"69":1,"70":1},"f":{"0":1,"1":1,"2":17,"3":0,"4":0,"5":0,"6":46,"7":0,"8":0,"9":0,"10":22,"11":1},"b":{"0":[17],"1":[23],"2":[23],"3":[0],"4":[0],"5":[3,0],"6":[3,3],"7":[3,0],"8":[0,0],"9":[1,1,0],"10":[0],"11":[0],"12":[1],"13":[1,1],"14":[1,0],"15":[0,0],"16":[0,0,0]}}
,"D:\\SLIIT\\Y3 S2\\My\\CSSE\\Assignment 02\\EcoGuard\\mobileApp\\Ranger\\src\\utils\\file:\\D:\\SLIIT\\Y3%20S2\\My\\CSSE\\Assignment%2002\\EcoGuard\\mobileApp\\Ranger\\src\\utils\\validators.ts": {"path":"D:\\SLIIT\\Y3 S2\\My\\CSSE\\Assignment 02\\EcoGuard\\mobileApp\\Ranger\\src\\utils\\file:\\D:\\SLIIT\\Y3%20S2\\My\\CSSE\\Assignment%2002\\EcoGuard\\mobileApp\\Ranger\\src\\utils\\validators.ts","statementMap":{"0":{"start":{"line":2,"column":0},"end":{"line":2,"column":60}},"1":{"start":{"line":9,"column":36},"end":{"line":44,"column":1}},"2":{"start":{"line":10,"column":41},"end":{"line":10,"column":43}},"3":{"start":{"line":13,"column":2},"end":{"line":17,"column":3}},"4":{"start":{"line":14,"column":4},"end":{"line":14,"column":60}},"5":{"start":{"line":15,"column":9},"end":{"line":17,"column":3}},"6":{"start":{"line":16,"column":4},"end":{"line":16,"column":60}},"7":{"start":{"line":20,"column":2},"end":{"line":29,"column":3}},"8":{"start":{"line":21,"column":4},"end":{"line":21,"column":91}},"9":{"start":{"line":23,"column":36},"end":{"line":23,"column":51}},"10":{"start":{"line":24,"column":4},"end":{"line":28,"column":5}},"11":{"start":{"line":25,"column":6},"end":{"line":25,"column":55}},"12":{"start":{"line":26,"column":11},"end":{"line":28,"column":5}},"13":{"start":{"line":27,"column":6},"end":{"line":27,"column":66}},"14":{"start":{"line":32,"column":2},"end":{"line":38,"column":3}},"15":{"start":{"line":33,"column":4},"end":{"line":33,"column":61}},"16":{"start":{"line":34,"column":9},"end":{"line":38,"column":3}},"17":{"start":{"line":35,"column":4},"end":{"line":35,"column":75}},"18":{"start":{"line":36,"column":9},"end":{"line":38,"column":3}},"19":{"start":{"line":37,"column":4},"end":{"line":37,"column":70}},"20":{"start":{"line":40,"column":2},"end":{"line":43,"column":4}},"21":{"start":{"line":9,"column":13},"end":{"line":9,"column":36}},"22":{"start":{"line":46,"column":35},"end":{"line":63,"column":1}},"23":{"start":{"line":47,"column":41},"end":{"line":47,"column":43}},"24":{"start":{"line":49,"column":2},"end":{"line":51,"column":3}},"25":{"start":{"line":50,"column":4},"end":{"line":50,"column":64}},"26":{"start":{"line":53,"column":2},"end":{"line":57,"column":3}},"27":{"start":{"line":54,"column":4},"end":{"line":54,"column":52}},"28":{"start":{"line":55,"column":9},"end":{"line":57,"column":3}},"29":{"start":{"line":56,"column":4},"end":{"line":56,"column":64}},"30":{"start":{"line":59,"column":2},"end":{"line":62,"column":4}},"31":{"start":{"line":46,"column":13},"end":{"line":46,"column":35}}},"fnMap":{"0":{"name":"(anonymous_0)","decl":{"start":{"line":9,"column":36},"end":{"line":9,"column":37}},"loc":{"start":{"line":9,"column":95},"end":{"line":44,"column":1}}},"1":{"name":"(anonymous_1)","decl":{"start":{"line":46,"column":35},"end":{"line":46,"column":36}},"loc":{"start":{"line":46,"column":98},"end":{"line":63,"column":1}}}},"branchMap":{"0":{"loc":{"start":{"line":13,"column":2},"end":{"line":17,"column":3}},"type":"if","locations":[{"start":{"line":13,"column":2},"end":{"line":17,"column":3}},{"start":{"line":15,"column":9},"end":{"line":17,"column":3}}]},"1":{"loc":{"start":{"line":15,"column":9},"end":{"line":17,"column":3}},"type":"if","locations":[{"start":{"line":15,"column":9},"end":{"line":17,"column":3}}]},"2":{"loc":{"start":{"line":20,"column":2},"end":{"line":29,"column":3}},"type":"if","locations":[{"start":{"line":20,"column":2},"end":{"line":29,"column":3}},{"start":{"line":22,"column":9},"end":{"line":29,"column":3}}]},"3":{"loc":{"start":{"line":24,"column":4},"end":{"line":28,"column":5}},"type":"if","locations":[{"start":{"line":24,"column":4},"end":{"line":28,"column":5}},{"start":{"line":26,"column":11},"end":{"line":28,"column":5}}]},"4":{"loc":{"start":{"line":24,"column":8},"end":{"line":24,"column":108}},"type":"binary-expr","locations":[{"start":{"line":24,"column":8},"end":{"line":24,"column":36}},{"start":{"line":24,"column":40},"end":{"line":24,"column":69}},{"start":{"line":24,"column":73},"end":{"line":24,"column":88}},{"start":{"line":24,"column":92},"end":{"line":24,"column":108}}]},"5":{"loc":{"start":{"line":26,"column":11},"end":{"line":28,"column":5}},"type":"if","locations":[{"start":{"line":26,"column":11},"end":{"line":28,"column":5}}]},"6":{"loc":{"start":{"line":26,"column":15},"end":{"line":26,"column":85}},"type":"binary-expr","locations":[{"start":{"line":26,"column":15},"end":{"line":26,"column":29}},{"start":{"line":26,"column":33},"end":{"line":26,"column":46}},{"start":{"line":26,"column":50},"end":{"line":26,"column":66}},{"start":{"line":26,"column":70},"end":{"line":26,"column":85}}]},"7":{"loc":{"start":{"line":32,"column":2},"end":{"line":38,"column":3}},"type":"if","locations":[{"start":{"line":32,"column":2},"end":{"line":38,"column":3}},{"start":{"line":34,"column":9},"end":{"line":38,"column":3}}]},"8":{"loc":{"start":{"line":32,"column":6},"end":{"line":32,"column":67}},"type":"binary-expr","locations":[{"start":{"line":32,"column":6},"end":{"line":32,"column":25}},{"start":{"line":32,"column":29},"end":{"line":32,"column":67}}]},"9":{"loc":{"start":{"line":34,"column":9},"end":{"line":38,"column":3}},"type":"if","locations":[{"start":{"line":34,"column":9},"end":{"line":38,"column":3}},{"start":{"line":36,"column":9},"end":{"line":38,"column":3}}]},"10":{"loc":{"start":{"line":36,"column":9},"end":{"line":38,"column":3}},"type":"if","locations":[{"start":{"line":36,"column":9},"end":{"line":38,"column":3}}]},"11":{"loc":{"start":{"line":49,"column":2},"end":{"line":51,"column":3}},"type":"if","locations":[{"start":{"line":49,"column":2},"end":{"line":51,"column":3}}]},"12":{"loc":{"start":{"line":49,"column":6},"end":{"line":49,"column":51}},"type":"binary-expr","locations":[{"start":{"line":49,"column":6},"end":{"line":49,"column":17}},{"start":{"line":49,"column":21},"end":{"line":49,"column":51}}]},"13":{"loc":{"start":{"line":53,"column":2},"end":{"line":57,"column":3}},"type":"if","locations":[{"start":{"line":53,"column":2},"end":{"line":57,"column":3}},{"start":{"line":55,"column":9},"end":{"line":57,"column":3}}]},"14":{"loc":{"start":{"line":53,"column":6},"end":{"line":53,"column":40}},"type":"binary-expr","locations":[{"start":{"line":53,"column":6},"end":{"line":53,"column":15}},{"start":{"line":53,"column":19},"end":{"line":53,"column":40}}]},"15":{"loc":{"start":{"line":55,"column":9},"end":{"line":57,"column":3}},"type":"if","locations":[{"start":{"line":55,"column":9},"end":{"line":57,"column":3}}]}},"s":{"0":1,"1":1,"2":4,"3":4,"4":1,"5":3,"6":0,"7":4,"8":0,"9":4,"10":4,"11":0,"12":4,"13":0,"14":4,"15":1,"16":3,"17":1,"18":2,"19":0,"20":4,"21":1,"22":1,"23":0,"24":0,"25":0,"26":0,"27":0,"28":0,"29":0,"30":0,"31":1},"f":{"0":4,"1":0},"b":{"0":[1,3],"1":[0],"2":[0,4],"3":[0,4],"4":[4,4,4,4],"5":[0],"6":[4,4,4,4],"7":[1,3],"8":[4,3],"9":[1,2],"10":[0],"11":[0],"12":[0,0],"13":[0,0],"14":[0,0],"15":[0]}}
}
